<?xml version="1.0" encoding="UTF-8"?>
<testng-results ignored="0" total="3" passed="3" failed="0" skipped="0">
  <reporter-output>
  </reporter-output>
  <suite started-at="2020-06-14T15:50:56 CLT" name="E2E" finished-at="2020-06-14T15:51:33 CLT" duration-ms="37763">
    <groups>
    </groups>
    <test started-at="2020-06-14T15:50:56 CLT" name="Home Pages" finished-at="2020-06-14T15:51:33 CLT" duration-ms="37763">
      <class name="consolaAction">
        <test-method is-config="true" signature="initialize()[pri:0, instance:consolaAction@7ae42ce3]" started-at="2020-06-14T15:50:56 CLT" name="initialize" finished-at="2020-06-14T15:51:07 CLT" duration-ms="11440" status="PASS">
          <reporter-output>
          </reporter-output>
        </test-method> <!-- initialize -->
        <test-method signature="BaseNavigation()[pri:0, instance:consolaAction@7ae42ce3]" started-at="2020-06-14T15:51:07 CLT" name="BaseNavigation" finished-at="2020-06-14T15:51:12 CLT" duration-ms="5260" status="PASS">
          <reporter-output>
          </reporter-output>
        </test-method> <!-- BaseNavigation -->
        <test-method signature="SearchProduct()[pri:1, instance:consolaAction@7ae42ce3]" started-at="2020-06-14T15:51:12 CLT" name="SearchProduct" finished-at="2020-06-14T15:51:21 CLT" duration-ms="8629" status="PASS">
          <reporter-output>
          </reporter-output>
        </test-method> <!-- SearchProduct -->
        <test-method signature="addProduct()[pri:2, instance:consolaAction@7ae42ce3]" started-at="2020-06-14T15:51:21 CLT" name="addProduct" finished-at="2020-06-14T15:51:29 CLT" duration-ms="8243" status="PASS">
          <reporter-output>
          </reporter-output>
        </test-method> <!-- addProduct -->
        <test-method is-config="true" signature="tearDown()[pri:0, instance:consolaAction@7ae42ce3]" started-at="2020-06-14T15:51:29 CLT" name="tearDown" finished-at="2020-06-14T15:51:33 CLT" duration-ms="4124" status="PASS">
          <reporter-output>
          </reporter-output>
        </test-method> <!-- tearDown -->
      </class> <!-- consolaAction -->
    </test> <!-- Home Pages -->
  </suite> <!-- E2E -->
</testng-results>
