<?xml version="1.0" encoding="UTF-8"?>
<testng-results ignored="0" total="1" passed="1" failed="0" skipped="0">
  <reporter-output>
  </reporter-output>
  <suite started-at="2020-06-15T13:02:09 CLT" name="E2E" finished-at="2020-06-15T13:02:40 CLT" duration-ms="30658">
    <groups>
    </groups>
    <test started-at="2020-06-15T13:02:09 CLT" name="Falabella Test" finished-at="2020-06-15T13:02:40 CLT" duration-ms="30658">
      <class name="Test.AddProductCarTest">
        <test-method is-config="true" signature="initialize()[pri:0, instance:Test.AddProductCarTest@764faa6]" started-at="2020-06-15T13:02:09 CLT" name="initialize" finished-at="2020-06-15T13:02:19 CLT" duration-ms="10181" status="PASS">
          <reporter-output>
          </reporter-output>
        </test-method> <!-- initialize -->
        <test-method signature="BaseNavigation()[pri:0, instance:Test.AddProductCarTest@764faa6]" started-at="2020-06-15T13:02:19 CLT" name="BaseNavigation" finished-at="2020-06-15T13:02:40 CLT" duration-ms="20253" status="PASS">
          <reporter-output>
          </reporter-output>
        </test-method> <!-- BaseNavigation -->
        <test-method is-config="true" signature="tearDown()[pri:0, instance:Test.AddProductCarTest@764faa6]" started-at="2020-06-15T13:02:40 CLT" name="tearDown" finished-at="2020-06-15T13:02:40 CLT" duration-ms="170" status="PASS">
          <reporter-output>
          </reporter-output>
        </test-method> <!-- tearDown -->
      </class> <!-- Test.AddProductCarTest -->
    </test> <!-- Falabella Test -->
  </suite> <!-- E2E -->
</testng-results>
