<?xml version="1.0" encoding="UTF-8"?>
<!-- Generated by org.testng.reporters.JUnitXMLReporter -->
<testsuite ignored="0" hostname="DESKTOP-3ODQF5O" failures="2" tests="2" name="Falabella Test" time="17.92" errors="0" timestamp="2020-06-16T00:23:16 CLT">
  <testcase classname="Test.AddProductCarTest" name="BaseNavigation" time="6.669">
    <failure type="java.lang.AssertionError" message="expected [SONY] but found [NINTENDO]">
      <![CDATA[java.lang.AssertionError: expected [SONY] but found [NINTENDO]
at Test.AddProductCarTest.BaseNavigation(AddProductCarTest.java:45)
at java.base/java.util.ArrayList.forEach(ArrayList.java:1507)
... Removed 36 stack frames]]>
    </failure>
  </testcase> <!-- BaseNavigation -->
  <testcase classname="Test.AddProductCarTest" name="BaseNavigation" time="6.708">
    <failure type="java.lang.NullPointerException">
      <![CDATA[java.lang.NullPointerException
at resources.Base.getScreenShotPath(Base.java:50)
at resources.Listeners.onTestFailure(Listeners.java:45)
at java.base/java.util.ArrayList.forEach(ArrayList.java:1507)
... Removed 28 stack frames]]>
    </failure>
  </testcase> <!-- BaseNavigation -->
</testsuite> <!-- Falabella Test -->
