<?xml version="1.0" encoding="UTF-8"?>
<!-- Generated by org.testng.reporters.JUnitXMLReporter -->
<testsuite ignored="0" hostname="DESKTOP-3ODQF5O" failures="0" tests="3" name="Home Pages" time="37.763" errors="0" timestamp="2020-06-14T15:51:33 CLT">
  <testcase classname="consolaAction" name="BaseNavigation" time="5.26"/>
  <testcase classname="consolaAction" name="SearchProduct" time="8.629"/>
  <testcase classname="consolaAction" name="addProduct" time="8.243"/>
</testsuite> <!-- Home Pages -->
